<?xml version="1.0" encoding="UTF-8"?>
<!-- Generated by org.testng.reporters.JUnitReportReporter -->
<testsuite hostname="Asus-TUF-Gaming" failures="0" tests="1" name="com.automationexercise.testcase.TestCaseRegister01" time="25.018" errors="0" timestamp="2023-06-21T15:14:22 IST" skipped="0">
  <testcase classname="com.automationexercise.testcase.TestCaseRegister01" name="registerUser" time="25.018"/>
  <system-out/>
</testsuite> <!-- com.automationexercise.testcase.TestCaseRegister01 -->
