<?xml version="1.0" encoding="UTF-8"?>
<!-- Generated by org.testng.reporters.JUnitReportReporter -->
<testsuite hostname="Asus-TUF-Gaming" failures="0" tests="1" name="com.automationexercise.testcase.TestCaseIncorrectLogin03" time="4.202" errors="0" timestamp="2023-06-21T16:02:04 IST" skipped="0">
  <testcase classname="com.automationexercise.testcase.TestCaseIncorrectLogin03" name="loginUserWithIncorrectEmailAndPassword" time="4.202"/>
  <system-out/>
</testsuite> <!-- com.automationexercise.testcase.TestCaseIncorrectLogin03 -->
