<?xml version="1.0" encoding="UTF-8"?>
<!-- Generated by org.testng.reporters.JUnitReportReporter -->
<testsuite hostname="Asus-TUF-Gaming" failures="0" tests="1" name="com.automationexercise.testcase.TestCaseLogin02" time="5.715" errors="0" timestamp="2023-06-21T15:59:31 IST" skipped="0">
  <testcase classname="com.automationexercise.testcase.TestCaseLogin02" name="loginUserWithCorrectEmailAndPassword" time="5.715"/>
  <system-out/>
</testsuite> <!-- com.automationexercise.testcase.TestCaseLogin02 -->
