<?xml version="1.0" encoding="UTF-8"?>
<!-- Generated by org.testng.reporters.JUnitReportReporter -->
<testsuite hostname="Asus-TUF-Gaming" failures="0" tests="1" name="com.automationexercise.testcase.TestCaseSearchProduct05" time="10.746" errors="0" timestamp="2023-06-21T16:06:10 IST" skipped="0">
  <testcase classname="com.automationexercise.testcase.TestCaseSearchProduct05" name="searchProduct" time="10.746"/>
  <system-out/>
</testsuite> <!-- com.automationexercise.testcase.TestCaseSearchProduct05 -->
