<?xml version="1.0" encoding="UTF-8"?>
<!-- Generated by org.testng.reporters.JUnitReportReporter -->
<testsuite hostname="Asus-TUF-Gaming" failures="0" tests="1" name="com.automationexercise.testcase.TestCaseRemoveProduct04" time="4.957" errors="0" timestamp="2023-06-21T16:03:31 IST" skipped="0">
  <testcase classname="com.automationexercise.testcase.TestCaseRemoveProduct04" name="removeProductsFromCart" time="4.957"/>
  <system-out/>
</testsuite> <!-- com.automationexercise.testcase.TestCaseRemoveProduct04 -->
