<?xml version="1.0" encoding="UTF-8"?>
<!-- Generated by org.testng.reporters.JUnitReportReporter -->
<testsuite hostname="Asus-TUF-Gaming" failures="0" tests="1" name="com.automationexercise.testcase.TestCaseAddReview06" time="4.145" errors="0" timestamp="2023-06-21T12:28:54 IST" skipped="0">
  <testcase classname="com.automationexercise.testcase.TestCaseAddReview06" name="addReviewOnProduct" time="4.145"/>
  <system-out/>
</testsuite> <!-- com.automationexercise.testcase.TestCaseAddReview06 -->
