<?xml version="1.0" encoding="UTF-8"?>
<!-- Generated by org.testng.reporters.JUnitReportReporter -->
<testsuite hostname="Asus-TUF-Gaming" failures="0" tests="1" name="com.automationexercise.testcase.TestCaseRegister01" time="27.498" errors="0" timestamp="2023-06-21T12:28:54 IST" skipped="0">
  <testcase classname="com.automationexercise.testcase.TestCaseRegister01" name="registerUser" time="27.498"/>
  <system-out/>
</testsuite> <!-- com.automationexercise.testcase.TestCaseRegister01 -->
