<?xml version="1.0" encoding="UTF-8"?>
<!-- Generated by org.testng.reporters.JUnitReportReporter -->
<testsuite hostname="Asus-TUF-Gaming" failures="0" tests="1" name="com.automationexercise.testcase.TestCaseLogin02" time="13.164" errors="0" timestamp="2023-06-21T12:28:54 IST" skipped="0">
  <testcase classname="com.automationexercise.testcase.TestCaseLogin02" name="loginUserWithCorrectEmailAndPassword" time="13.164"/>
  <system-out/>
</testsuite> <!-- com.automationexercise.testcase.TestCaseLogin02 -->
